Started execution at: 2020-02-21 11:36:13.304230
Beginning new region: oceansoda_amazon_plume
Output calculated (region:oceansoda_amazon_plume, algo: Astor2017ad_at)
Output calculated (region:oceansoda_amazon_plume, algo: Astor2017be_at)
No matchup data left after subsettings (region:oceansoda_amazon_plume, algo: Astor2017c_at)
Output calculated (region:oceansoda_amazon_plume, algo: Cai2010a_at)
No matchup data left after subsettings (region:oceansoda_amazon_plume, algo: Cai2010b_at)
No matchup data left after subsettings (region:oceansoda_amazon_plume, algo: Cai2010c_at)
No matchup data left after subsettings (region:oceansoda_amazon_plume, algo: Cai2010d_at)
No matchup data left after subsettings (region:oceansoda_amazon_plume, algo: Cai2010e_at)
No matchup data left after subsettings (region:oceansoda_amazon_plume, algo: Cooley2006a_at)
No matchup data left after subsettings (region:oceansoda_amazon_plume, algo: CopinMontegut1993_at)
No matchup data left after subsettings (region:oceansoda_amazon_plume, algo: CopinMontegut2002_at)
No matchup data left after subsettings (region:oceansoda_amazon_plume, algo: Corbiere2007_at)
No matchup data left after subsettings (region:oceansoda_amazon_plume, algo: Gemayel2015_at)
Output calculated (region:oceansoda_amazon_plume, algo: Goyet1998_at)
Output calculated (region:oceansoda_amazon_plume, algo: Hassoun2015_basins_at)
No matchup data left after subsettings (region:oceansoda_amazon_plume, algo: Hassoun2015_full_at)
No matchup data left after subsettings (region:oceansoda_amazon_plume, algo: Huang2012_at)
Output calculated (region:oceansoda_amazon_plume, algo: Lee2006_at)
Output calculated (region:oceansoda_amazon_plume, algo: Lefevre2010_at)
Output calculated (region:oceansoda_amazon_plume, algo: Millero1998_at)
Output calculated (region:oceansoda_amazon_plume, algo: Rivaro2010_at)
No matchup data left after subsettings (region:oceansoda_amazon_plume, algo: Schneider2007_at)
No matchup data left after subsettings (region:oceansoda_amazon_plume, algo: Tait2000_at)
Output calculated (region:oceansoda_amazon_plume, algo: Takahashi2013_at)
Output calculated (region:oceansoda_amazon_plume, algo: Ternon2000_at)
No matchup data left after subsettings (region:oceansoda_amazon_plume, algo: Touratier2009_at)
No matchup data left after subsettings (region:oceansoda_amazon_plume, algo: Touratier2011_at)
Beginning new region: oceansoda_congo
Output calculated (region:oceansoda_congo, algo: Astor2017ad_at)
Output calculated (region:oceansoda_congo, algo: Astor2017be_at)
No matchup data left after subsettings (region:oceansoda_congo, algo: Astor2017c_at)
No matchup data left after subsettings (region:oceansoda_congo, algo: Cai2010a_at)
No matchup data left after subsettings (region:oceansoda_congo, algo: Cai2010b_at)
No matchup data left after subsettings (region:oceansoda_congo, algo: Cai2010c_at)
No matchup data left after subsettings (region:oceansoda_congo, algo: Cai2010d_at)
No matchup data left after subsettings (region:oceansoda_congo, algo: Cai2010e_at)
No matchup data left after subsettings (region:oceansoda_congo, algo: Cooley2006a_at)
No matchup data left after subsettings (region:oceansoda_congo, algo: CopinMontegut1993_at)
No matchup data left after subsettings (region:oceansoda_congo, algo: CopinMontegut2002_at)
No matchup data left after subsettings (region:oceansoda_congo, algo: Corbiere2007_at)
No matchup data left after subsettings (region:oceansoda_congo, algo: Gemayel2015_at)
No matchup data left after subsettings (region:oceansoda_congo, algo: Goyet1998_at)
Output calculated (region:oceansoda_congo, algo: Hassoun2015_basins_at)
No matchup data left after subsettings (region:oceansoda_congo, algo: Hassoun2015_full_at)
No matchup data left after subsettings (region:oceansoda_congo, algo: Huang2012_at)
Output calculated (region:oceansoda_congo, algo: Lee2006_at)
No matchup data left after subsettings (region:oceansoda_congo, algo: Lefevre2010_at)
Output calculated (region:oceansoda_congo, algo: Millero1998_at)
Output calculated (region:oceansoda_congo, algo: Rivaro2010_at)
No matchup data left after subsettings (region:oceansoda_congo, algo: Schneider2007_at)
No matchup data left after subsettings (region:oceansoda_congo, algo: Tait2000_at)
Output calculated (region:oceansoda_congo, algo: Takahashi2013_at)
No matchup data left after subsettings (region:oceansoda_congo, algo: Ternon2000_at)
No matchup data left after subsettings (region:oceansoda_congo, algo: Touratier2009_at)
No matchup data left after subsettings (region:oceansoda_congo, algo: Touratier2011_at)
Beginning new region: oceansoda_st_lawrence
Output calculated (region:oceansoda_st_lawrence, algo: Astor2017ad_at)
Output calculated (region:oceansoda_st_lawrence, algo: Astor2017be_at)
No matchup data left after subsettings (region:oceansoda_st_lawrence, algo: Astor2017c_at)
No matchup data left after subsettings (region:oceansoda_st_lawrence, algo: Cai2010a_at)
No matchup data left after subsettings (region:oceansoda_st_lawrence, algo: Cai2010b_at)
No matchup data left after subsettings (region:oceansoda_st_lawrence, algo: Cai2010c_at)
No matchup data left after subsettings (region:oceansoda_st_lawrence, algo: Cai2010d_at)
No matchup data left after subsettings (region:oceansoda_st_lawrence, algo: Cai2010e_at)
No matchup data left after subsettings (region:oceansoda_st_lawrence, algo: Cooley2006a_at)
No matchup data left after subsettings (region:oceansoda_st_lawrence, algo: CopinMontegut1993_at)
No matchup data left after subsettings (region:oceansoda_st_lawrence, algo: CopinMontegut2002_at)
Output calculated (region:oceansoda_st_lawrence, algo: Corbiere2007_at)
No matchup data left after subsettings (region:oceansoda_st_lawrence, algo: Gemayel2015_at)
No matchup data left after subsettings (region:oceansoda_st_lawrence, algo: Goyet1998_at)
Output calculated (region:oceansoda_st_lawrence, algo: Hassoun2015_basins_at)
No matchup data left after subsettings (region:oceansoda_st_lawrence, algo: Hassoun2015_full_at)
No matchup data left after subsettings (region:oceansoda_st_lawrence, algo: Huang2012_at)
Output calculated (region:oceansoda_st_lawrence, algo: Lee2006_at)
No matchup data left after subsettings (region:oceansoda_st_lawrence, algo: Lefevre2010_at)
Output calculated (region:oceansoda_st_lawrence, algo: Millero1998_at)
Output calculated (region:oceansoda_st_lawrence, algo: Rivaro2010_at)
No matchup data left after subsettings (region:oceansoda_st_lawrence, algo: Schneider2007_at)
Output calculated (region:oceansoda_st_lawrence, algo: Tait2000_at)
Output calculated (region:oceansoda_st_lawrence, algo: Takahashi2013_at)
No matchup data left after subsettings (region:oceansoda_st_lawrence, algo: Ternon2000_at)
No matchup data left after subsettings (region:oceansoda_st_lawrence, algo: Touratier2009_at)
No matchup data left after subsettings (region:oceansoda_st_lawrence, algo: Touratier2011_at)
Beginning new region: oceansoda_mississippi
No matchup data left after subsettings (region:oceansoda_mississippi, algo: Astor2017ad_at)
No matchup data left after subsettings (region:oceansoda_mississippi, algo: Astor2017be_at)
No matchup data left after subsettings (region:oceansoda_mississippi, algo: Astor2017c_at)
No matchup data left after subsettings (region:oceansoda_mississippi, algo: Cai2010a_at)
No matchup data left after subsettings (region:oceansoda_mississippi, algo: Cai2010b_at)
No matchup data left after subsettings (region:oceansoda_mississippi, algo: Cai2010c_at)
No matchup data left after subsettings (region:oceansoda_mississippi, algo: Cai2010d_at)
No matchup data left after subsettings (region:oceansoda_mississippi, algo: Cai2010e_at)
No matchup data left after subsettings (region:oceansoda_mississippi, algo: Cooley2006a_at)
No matchup data left after subsettings (region:oceansoda_mississippi, algo: CopinMontegut1993_at)
No matchup data left after subsettings (region:oceansoda_mississippi, algo: CopinMontegut2002_at)
No matchup data left after subsettings (region:oceansoda_mississippi, algo: Corbiere2007_at)
No matchup data left after subsettings (region:oceansoda_mississippi, algo: Gemayel2015_at)
No matchup data left after subsettings (region:oceansoda_mississippi, algo: Goyet1998_at)
No matchup data left after subsettings (region:oceansoda_mississippi, algo: Hassoun2015_basins_at)
No matchup data left after subsettings (region:oceansoda_mississippi, algo: Hassoun2015_full_at)
No matchup data left after subsettings (region:oceansoda_mississippi, algo: Huang2012_at)
No matchup data left after subsettings (region:oceansoda_mississippi, algo: Lee2006_at)
No matchup data left after subsettings (region:oceansoda_mississippi, algo: Lefevre2010_at)
No matchup data left after subsettings (region:oceansoda_mississippi, algo: Millero1998_at)
No matchup data left after subsettings (region:oceansoda_mississippi, algo: Rivaro2010_at)
No matchup data left after subsettings (region:oceansoda_mississippi, algo: Schneider2007_at)
No matchup data left after subsettings (region:oceansoda_mississippi, algo: Tait2000_at)
No matchup data left after subsettings (region:oceansoda_mississippi, algo: Takahashi2013_at)
No matchup data left after subsettings (region:oceansoda_mississippi, algo: Ternon2000_at)
No matchup data left after subsettings (region:oceansoda_mississippi, algo: Touratier2009_at)
No matchup data left after subsettings (region:oceansoda_mississippi, algo: Touratier2011_at)
No algorithms were executed for region 'oceansoda_mississippi' possibly because there was no matchup data in this region.
Beginning new region: oceansoda_mediterranean
Output calculated (region:oceansoda_mediterranean, algo: Astor2017ad_at)
Output calculated (region:oceansoda_mediterranean, algo: Astor2017be_at)
No matchup data left after subsettings (region:oceansoda_mediterranean, algo: Astor2017c_at)
No matchup data left after subsettings (region:oceansoda_mediterranean, algo: Cai2010a_at)
No matchup data left after subsettings (region:oceansoda_mediterranean, algo: Cai2010b_at)
No matchup data left after subsettings (region:oceansoda_mediterranean, algo: Cai2010c_at)
No matchup data left after subsettings (region:oceansoda_mediterranean, algo: Cai2010d_at)
No matchup data left after subsettings (region:oceansoda_mediterranean, algo: Cai2010e_at)
No matchup data left after subsettings (region:oceansoda_mediterranean, algo: Cooley2006a_at)
Output calculated (region:oceansoda_mediterranean, algo: CopinMontegut1993_at)
No matchup data left after subsettings (region:oceansoda_mediterranean, algo: CopinMontegut2002_at)
No matchup data left after subsettings (region:oceansoda_mediterranean, algo: Corbiere2007_at)
Output calculated (region:oceansoda_mediterranean, algo: Gemayel2015_at)
No matchup data left after subsettings (region:oceansoda_mediterranean, algo: Goyet1998_at)
Output calculated (region:oceansoda_mediterranean, algo: Hassoun2015_basins_at)
Output calculated (region:oceansoda_mediterranean, algo: Hassoun2015_full_at)
No matchup data left after subsettings (region:oceansoda_mediterranean, algo: Huang2012_at)
Output calculated (region:oceansoda_mediterranean, algo: Lee2006_at)
No matchup data left after subsettings (region:oceansoda_mediterranean, algo: Lefevre2010_at)
Output calculated (region:oceansoda_mediterranean, algo: Millero1998_at)
Output calculated (region:oceansoda_mediterranean, algo: Rivaro2010_at)
Output calculated (region:oceansoda_mediterranean, algo: Schneider2007_at)
No matchup data left after subsettings (region:oceansoda_mediterranean, algo: Tait2000_at)
Output calculated (region:oceansoda_mediterranean, algo: Takahashi2013_at)
No matchup data left after subsettings (region:oceansoda_mediterranean, algo: Ternon2000_at)
No matchup data left after subsettings (region:oceansoda_mediterranean, algo: Touratier2009_at)
Output calculated (region:oceansoda_mediterranean, algo: Touratier2011_at)
Started execution at: 2020-02-21 11:43:24.529915
Beginning new region: oceansoda_amazon_plume
Output calculated (region:oceansoda_amazon_plume, algo: Bakker1999_dic)
No matchup data left after subsettings (region:oceansoda_amazon_plume, algo: Cooley2006a_dic)
No matchup data left after subsettings (region:oceansoda_amazon_plume, algo: CopinMontegut1993_dic)
No matchup data left after subsettings (region:oceansoda_amazon_plume, algo: CopinMontegut2002a_dic)
No matchup data left after subsettings (region:oceansoda_amazon_plume, algo: CopinMontegut2002b_dic)
No matchup data left after subsettings (region:oceansoda_amazon_plume, algo: Gemayel2015_dic)
Output calculated (region:oceansoda_amazon_plume, algo: Hassoun2015_basins_dic)
No matchup data left after subsettings (region:oceansoda_amazon_plume, algo: Hassoun2015_full_dic)
Started execution at: 2020-02-21 11:43:57.226175
Beginning new region: oceansoda_amazon_plume
Output calculated (region:oceansoda_amazon_plume, algo: Bakker1999_dic)
No matchup data left after subsettings (region:oceansoda_amazon_plume, algo: Cooley2006a_dic)
No matchup data left after subsettings (region:oceansoda_amazon_plume, algo: CopinMontegut1993_dic)
No matchup data left after subsettings (region:oceansoda_amazon_plume, algo: CopinMontegut2002a_dic)
No matchup data left after subsettings (region:oceansoda_amazon_plume, algo: CopinMontegut2002b_dic)
No matchup data left after subsettings (region:oceansoda_amazon_plume, algo: Gemayel2015_dic)
Output calculated (region:oceansoda_amazon_plume, algo: Hassoun2015_basins_dic)
No matchup data left after subsettings (region:oceansoda_amazon_plume, algo: Hassoun2015_full_dic)
Started execution at: 2020-02-21 11:46:40.480897
Beginning new region: oceansoda_amazon_plume
Output calculated (region:oceansoda_amazon_plume, algo: Bakker1999_dic)
No matchup data left after subsettings (region:oceansoda_amazon_plume, algo: Cooley2006a_dic)
No matchup data left after subsettings (region:oceansoda_amazon_plume, algo: CopinMontegut1993_dic)
No matchup data left after subsettings (region:oceansoda_amazon_plume, algo: CopinMontegut2002a_dic)
No matchup data left after subsettings (region:oceansoda_amazon_plume, algo: CopinMontegut2002b_dic)
No matchup data left after subsettings (region:oceansoda_amazon_plume, algo: Gemayel2015_dic)
